1729753478|/sitea2/|https://classroom.google.com/
1729753479|/sitea2/|https://classroom.google.com/
1729753486|/sitea2/index.php?id=log|http://localhost/sitea2/
1729753488|/sitea2/index.php|http://localhost/sitea2/index.php?id=log
1729753489|/sitea2/index.php?id=log|http://localhost/sitea2/index.php
1729753490|/sitea2/index.php?id=log|http://localhost/sitea2/index.php
1729753491|/sitea2/index.php|http://localhost/sitea2/index.php?id=log
1729753508|/sitea2/index.php|http://localhost/sitea2/index.php
1729753511|/sitea2/index.php|http://localhost/sitea2/index.php
1729753512|/sitea2/index.php|http://localhost/sitea2/index.php
1729753512|/sitea2/index.php?id=contact|http://localhost/sitea2/index.php
1729753513|/sitea2/index.php?id=about|http://localhost/sitea2/index.php?id=contact
1729753514|/sitea2/index.php?id=info|http://localhost/sitea2/index.php?id=about
1729753515|/sitea2/index.php?id=gbook|http://localhost/sitea2/index.php?id=info
1729753516|/sitea2/index.php?id=log|http://localhost/sitea2/index.php?id=gbook
1729753519|/sitea2/index.php?id=log|http://localhost/sitea2/index.php?id=gbook
1729753665|/sitea2/index.php|http://localhost/sitea2/index.php?id=log
1729753666|/sitea2/index.php|http://localhost/sitea2/index.php
1729753668|/sitea2/index.php?id=contact|http://localhost/sitea2/index.php
1729753668|/sitea2/index.php?id=about|http://localhost/sitea2/index.php?id=contact
1729753669|/sitea2/index.php?id=info|http://localhost/sitea2/index.php?id=about
1729753670|/sitea2/index.php?id=gbook|http://localhost/sitea2/index.php?id=info
1729755021|/sitea2/|https://classroom.google.com/
1729755244|/sitea2/index.php?id=gbook|http://localhost/sitea2/index.php?id=info
