1729755136|/sitea2/index.php?id=log|http://localhost/sitea2/index.php?id=gbook
1729755140|/sitea2/index.php?id=log|http://localhost/sitea2/index.php?id=gbook
1729755160|/sitea2/index.php?id=log|http://localhost/sitea2/index.php?id=gbook
1729755173|/sitea2/index.php|http://localhost/sitea2/index.php?id=gbook
1729755216|/sitea2/index.php|http://localhost/sitea2/index.php?id=gbook
1729755217|/sitea2/index.php|http://localhost/sitea2/index.php?id=gbook
1729755220|/sitea2/index.php?id=contact|http://localhost/sitea2/index.php
1729755221|/sitea2/index.php?id=info|http://localhost/sitea2/index.php?id=contact
1729755222|/sitea2/index.php?id=gbook|http://localhost/sitea2/index.php?id=info
1729755222|/sitea2/index.php?id=log|http://localhost/sitea2/index.php?id=gbook
1729756152|/sitea2/index.php?id=gbook|http://localhost/sitea2/index.php?id=info
1729756154|/sitea2/index.php|http://localhost/sitea2/index.php?id=gbook
1729756154|/sitea2/index.php?id=contact|http://localhost/sitea2/index.php
1729756155|/sitea2/index.php?id=about|http://localhost/sitea2/index.php?id=contact
1729756155|/sitea2/index.php?id=info|http://localhost/sitea2/index.php?id=about
1729756155|/sitea2/index.php?id=gbook|http://localhost/sitea2/index.php?id=info
1729756156|/sitea2/index.php?id=log|http://localhost/sitea2/index.php?id=gbook
1729756190|/sitea2/index.php?id=log|http://localhost/sitea2/index.php?id=gbook
1729756228|/sitea2/index.php?id=log|http://localhost/sitea2/index.php?id=gbook
1729756233|/sitea2/index.php|http://localhost/sitea2/index.php?id=gbook
1729756234|/sitea2/index.php?id=contact|http://localhost/sitea2/index.php
1729756235|/sitea2/index.php?id=about|http://localhost/sitea2/index.php?id=contact
1729756236|/sitea2/index.php?id=info|http://localhost/sitea2/index.php?id=about
1729756237|/sitea2/index.php?id=gbook|http://localhost/sitea2/index.php?id=info
1729756238|/sitea2/index.php?id=log|http://localhost/sitea2/index.php?id=gbook
1729756508|/sitea2/index.php|-
1729756511|/sitea2/index.php|http://localhost/sitea2/index.php
1729756511|/sitea2/index.php?id=contact|http://localhost/sitea2/index.php
1729756512|/sitea2/index.php?id=about|http://localhost/sitea2/index.php?id=contact
1729756514|/sitea2/index.php?id=info|http://localhost/sitea2/index.php?id=about
1729756515|/sitea2/index.php?id=gbook|http://localhost/sitea2/index.php?id=info
1729756516|/sitea2/index.php?id=log|http://localhost/sitea2/index.php?id=gbook
1729756530|/sitea2/index.php|-
1729756532|/sitea2/index.php|-
1729756533|/sitea2/index.php|-
1729756534|/sitea2/index.php|-
1729756534|/sitea2/index.php|-
1729756534|/sitea2/index.php|-
1729756534|/sitea2/index.php|-
1729756535|/sitea2/index.php|-
1729756535|/sitea2/index.php|-
1729756535|/sitea2/index.php|-
1729756535|/sitea2/index.php|-
1729756536|/sitea2/index.php|-
1729756570|/sitea2/index.php|-
1729756572|/sitea2/index.php|-
1729756573|/sitea2/index.php|-
1729756574|/sitea2/index.php|-
1729756574|/sitea2/index.php|-
1729756574|/sitea2/index.php|-
1729756575|/sitea2/index.php|-
1729756575|/sitea2/index.php|-
1729756582|/sitea2/index.php|-
1729756585|/sitea2/index.php|-
1729756586|/sitea2/index.php|-
1729756586|/sitea2/index.php|-
1729756598|/sitea2/index.php|-
1729756610|/sitea2/index.php|-
1729756625|/sitea2/index.php?id=log|http://localhost/sitea2/index.php
1729756632|/sitea2/index.php|http://localhost/sitea2/index.php
1729756632|/sitea2/index.php?id=contact|http://localhost/sitea2/index.php
1729756632|/sitea2/index.php?id=about|http://localhost/sitea2/index.php?id=contact
1729756633|/sitea2/index.php?id=info|http://localhost/sitea2/index.php?id=about
1729756634|/sitea2/index.php?id=gbook|http://localhost/sitea2/index.php?id=info
1729756634|/sitea2/index.php?id=log|http://localhost/sitea2/index.php?id=gbook
